{"C:\\Users\\haida\\Desktop\\Dawn\\Something I work with\\temp-node\\src\\server.ts": {"path":"C:\\Users\\haida\\Desktop\\Dawn\\Something I work with\\temp-node\\src\\server.ts","statementMap":{"0":{"start":{"line":1,"column":0},"end":{"line":1,"column":30}},"1":{"start":{"line":2,"column":0},"end":{"line":2,"column":24}},"2":{"start":{"line":3,"column":0},"end":{"line":3,"column":41}},"3":{"start":{"line":4,"column":0},"end":{"line":4,"column":26}},"4":{"start":{"line":5,"column":0},"end":{"line":5,"column":56}},"5":{"start":{"line":6,"column":0},"end":{"line":6,"column":61}},"6":{"start":{"line":7,"column":0},"end":{"line":7,"column":59}},"7":{"start":{"line":9,"column":13},"end":{"line":9,"column":29}},"8":{"start":{"line":12,"column":20},"end":{"line":46,"column":1}},"9":{"start":{"line":13,"column":4},"end":{"line":13,"column":69}},"10":{"start":{"line":14,"column":4},"end":{"line":14,"column":39}},"11":{"start":{"line":15,"column":4},"end":{"line":15,"column":69}},"12":{"start":{"line":16,"column":4},"end":{"line":16,"column":52}},"13":{"start":{"line":17,"column":4},"end":{"line":17,"column":28}},"14":{"start":{"line":19,"column":4},"end":{"line":19,"column":69}},"15":{"start":{"line":20,"column":4},"end":{"line":20,"column":45}},"16":{"start":{"line":21,"column":4},"end":{"line":21,"column":69}},"17":{"start":{"line":22,"column":4},"end":{"line":22,"column":28}},"18":{"start":{"line":23,"column":4},"end":{"line":23,"column":25}},"19":{"start":{"line":25,"column":4},"end":{"line":25,"column":69}},"20":{"start":{"line":26,"column":4},"end":{"line":26,"column":46}},"21":{"start":{"line":27,"column":4},"end":{"line":27,"column":69}},"22":{"start":{"line":28,"column":4},"end":{"line":30,"column":7}},"23":{"start":{"line":29,"column":8},"end":{"line":29,"column":64}},"24":{"start":{"line":32,"column":4},"end":{"line":32,"column":69}},"25":{"start":{"line":33,"column":4},"end":{"line":33,"column":46}},"26":{"start":{"line":34,"column":4},"end":{"line":34,"column":69}},"27":{"start":{"line":35,"column":4},"end":{"line":35,"column":27}},"28":{"start":{"line":37,"column":4},"end":{"line":37,"column":69}},"29":{"start":{"line":38,"column":4},"end":{"line":38,"column":36}},"30":{"start":{"line":39,"column":4},"end":{"line":39,"column":69}},"31":{"start":{"line":40,"column":4},"end":{"line":40,"column":40}},"32":{"start":{"line":41,"column":4},"end":{"line":45,"column":7}},"33":{"start":{"line":42,"column":8},"end":{"line":42,"column":73}},"34":{"start":{"line":43,"column":8},"end":{"line":43,"column":67}},"35":{"start":{"line":44,"column":8},"end":{"line":44,"column":73}},"36":{"start":{"line":12,"column":13},"end":{"line":12,"column":20}},"37":{"start":{"line":48,"column":24},"end":{"line":50,"column":1}},"38":{"start":{"line":49,"column":4},"end":{"line":49,"column":45}},"39":{"start":{"line":48,"column":13},"end":{"line":48,"column":24}},"40":{"start":{"line":53,"column":0},"end":{"line":53,"column":7}}},"fnMap":{"0":{"name":"(anonymous_1)","decl":{"start":{"line":12,"column":20},"end":{"line":12,"column":23}},"loc":{"start":{"line":12,"column":25},"end":{"line":46,"column":1}}},"1":{"name":"(anonymous_2)","decl":{"start":{"line":28,"column":17},"end":{"line":28,"column":18}},"loc":{"start":{"line":28,"column":36},"end":{"line":30,"column":5}}},"2":{"name":"(anonymous_3)","decl":{"start":{"line":41,"column":42},"end":{"line":41,"column":45}},"loc":{"start":{"line":41,"column":47},"end":{"line":45,"column":5}}},"3":{"name":"(anonymous_4)","decl":{"start":{"line":48,"column":24},"end":{"line":48,"column":25}},"loc":{"start":{"line":48,"column":42},"end":{"line":50,"column":1}}}},"branchMap":{"0":{"loc":{"start":{"line":49,"column":4},"end":{"line":49,"column":44}},"type":"binary-expr","locations":[{"start":{"line":49,"column":4},"end":{"line":49,"column":14}},{"start":{"line":49,"column":18},"end":{"line":49,"column":44}}]}},"s":{"0":1,"1":1,"2":1,"3":1,"4":1,"5":1,"6":1,"7":1,"8":1,"9":1,"10":1,"11":1,"12":1,"13":1,"14":1,"15":1,"16":1,"17":1,"18":1,"19":1,"20":1,"21":1,"22":1,"23":0,"24":1,"25":1,"26":1,"27":1,"28":1,"29":1,"30":1,"31":1,"32":1,"33":1,"34":1,"35":1,"36":1,"37":1,"38":1,"39":1,"40":1},"f":{"0":1,"1":0,"2":1,"3":1},"b":{"0":[1,1]}}
,"C:\\Users\\haida\\Desktop\\Dawn\\Something I work with\\temp-node\\src\\config\\config.ts": {"path":"C:\\Users\\haida\\Desktop\\Dawn\\Something I work with\\temp-node\\src\\config\\config.ts","statementMap":{"0":{"start":{"line":1,"column":0},"end":{"line":1,"column":28}},"1":{"start":{"line":3,"column":0},"end":{"line":3,"column":16}},"2":{"start":{"line":5,"column":13},"end":{"line":5,"column":66}},"3":{"start":{"line":6,"column":13},"end":{"line":6,"column":52}},"4":{"start":{"line":8,"column":13},"end":{"line":8,"column":59}},"5":{"start":{"line":9,"column":13},"end":{"line":9,"column":66}},"6":{"start":{"line":11,"column":13},"end":{"line":14,"column":null}}},"fnMap":{},"branchMap":{"0":{"loc":{"start":{"line":8,"column":27},"end":{"line":8,"column":58}},"type":"binary-expr","locations":[{"start":{"line":8,"column":27},"end":{"line":8,"column":50}},{"start":{"line":8,"column":54},"end":{"line":8,"column":58}}]},"1":{"loc":{"start":{"line":9,"column":27},"end":{"line":9,"column":65}},"type":"binary-expr","locations":[{"start":{"line":9,"column":27},"end":{"line":9,"column":50}},{"start":{"line":9,"column":54},"end":{"line":9,"column":65}}]}},"s":{"0":1,"1":1,"2":1,"3":1,"4":1,"5":1,"6":1},"f":{},"b":{"0":[1,1],"1":[1,0]}}
,"C:\\Users\\haida\\Desktop\\Dawn\\Something I work with\\temp-node\\src\\config\\logging.ts": {"path":"C:\\Users\\haida\\Desktop\\Dawn\\Something I work with\\temp-node\\src\\config\\logging.ts","statementMap":{"0":{"start":{"line":1,"column":0},"end":{"line":1,"column":32}},"1":{"start":{"line":3,"column":16},"end":{"line":34,"column":2}},"2":{"start":{"line":37,"column":4},"end":{"line":53,"column":5}},"3":{"start":{"line":38,"column":22},"end":{"line":38,"column":33}},"4":{"start":{"line":40,"column":8},"end":{"line":40,"column":45}},"5":{"start":{"line":40,"column":33},"end":{"line":40,"column":45}},"6":{"start":{"line":42,"column":21},"end":{"line":42,"column":41}},"7":{"start":{"line":43,"column":22},"end":{"line":43,"column":45}},"8":{"start":{"line":44,"column":23},"end":{"line":44,"column":40}},"9":{"start":{"line":46,"column":8},"end":{"line":46,"column":41}},"10":{"start":{"line":46,"column":29},"end":{"line":46,"column":41}},"11":{"start":{"line":48,"column":8},"end":{"line":48,"column":43}},"12":{"start":{"line":48,"column":31},"end":{"line":48,"column":43}},"13":{"start":{"line":50,"column":8},"end":{"line":50,"column":25}},"14":{"start":{"line":52,"column":8},"end":{"line":52,"column":20}},"15":{"start":{"line":36,"column":0},"end":{"line":36,"column":16}},"16":{"start":{"line":57,"column":4},"end":{"line":57,"column":143}},"17":{"start":{"line":57,"column":15},"end":{"line":57,"column":143}},"18":{"start":{"line":56,"column":0},"end":{"line":56,"column":16}},"19":{"start":{"line":61,"column":4},"end":{"line":72,"column":10}},"20":{"start":{"line":62,"column":8},"end":{"line":72,"column":10}},"21":{"start":{"line":60,"column":0},"end":{"line":60,"column":16}},"22":{"start":{"line":76,"column":4},"end":{"line":87,"column":10}},"23":{"start":{"line":77,"column":8},"end":{"line":87,"column":10}},"24":{"start":{"line":75,"column":0},"end":{"line":75,"column":16}},"25":{"start":{"line":91,"column":4},"end":{"line":102,"column":10}},"26":{"start":{"line":92,"column":8},"end":{"line":102,"column":10}},"27":{"start":{"line":90,"column":0},"end":{"line":90,"column":16}},"28":{"start":{"line":105,"column":16},"end":{"line":112,"column":2}},"29":{"start":{"line":127,"column":0},"end":{"line":127,"column":29}},"30":{"start":{"line":129,"column":0},"end":{"line":129,"column":23}}},"fnMap":{"0":{"name":"getCallingFunction","decl":{"start":{"line":36,"column":16},"end":{"line":36,"column":34}},"loc":{"start":{"line":36,"column":47},"end":{"line":54,"column":1}}},"1":{"name":"log","decl":{"start":{"line":56,"column":16},"end":{"line":56,"column":19}},"loc":{"start":{"line":56,"column":59},"end":{"line":58,"column":1}}},"2":{"name":"info","decl":{"start":{"line":60,"column":16},"end":{"line":60,"column":20}},"loc":{"start":{"line":60,"column":60},"end":{"line":73,"column":1}}},"3":{"name":"warn","decl":{"start":{"line":75,"column":16},"end":{"line":75,"column":20}},"loc":{"start":{"line":75,"column":60},"end":{"line":88,"column":1}}},"4":{"name":"error","decl":{"start":{"line":90,"column":16},"end":{"line":90,"column":21}},"loc":{"start":{"line":90,"column":61},"end":{"line":103,"column":1}}}},"branchMap":{"0":{"loc":{"start":{"line":40,"column":8},"end":{"line":40,"column":45}},"type":"if","locations":[{"start":{"line":40,"column":8},"end":{"line":40,"column":45}}]},"1":{"loc":{"start":{"line":46,"column":8},"end":{"line":46,"column":41}},"type":"if","locations":[{"start":{"line":46,"column":8},"end":{"line":46,"column":41}}]},"2":{"loc":{"start":{"line":48,"column":8},"end":{"line":48,"column":43}},"type":"if","locations":[{"start":{"line":48,"column":8},"end":{"line":48,"column":43}}]},"3":{"loc":{"start":{"line":57,"column":4},"end":{"line":57,"column":143}},"type":"if","locations":[{"start":{"line":57,"column":4},"end":{"line":57,"column":143}}]},"4":{"loc":{"start":{"line":61,"column":4},"end":{"line":72,"column":10}},"type":"if","locations":[{"start":{"line":61,"column":4},"end":{"line":72,"column":10}}]},"5":{"loc":{"start":{"line":76,"column":4},"end":{"line":87,"column":10}},"type":"if","locations":[{"start":{"line":76,"column":4},"end":{"line":87,"column":10}}]},"6":{"loc":{"start":{"line":91,"column":4},"end":{"line":102,"column":10}},"type":"if","locations":[{"start":{"line":91,"column":4},"end":{"line":102,"column":10}}]}},"s":{"0":1,"1":1,"2":0,"3":0,"4":0,"5":0,"6":0,"7":0,"8":0,"9":0,"10":0,"11":0,"12":0,"13":0,"14":0,"15":1,"16":2,"17":0,"18":1,"19":18,"20":0,"21":1,"22":0,"23":0,"24":1,"25":0,"26":0,"27":1,"28":1,"29":1,"30":1},"f":{"0":0,"1":2,"2":18,"3":0,"4":0},"b":{"0":[0],"1":[0],"2":[0],"3":[0],"4":[0],"5":[0],"6":[0]}}
,"C:\\Users\\haida\\Desktop\\Dawn\\Something I work with\\temp-node\\src\\middleware\\corsHandlers.ts": {"path":"C:\\Users\\haida\\Desktop\\Dawn\\Something I work with\\temp-node\\src\\middleware\\corsHandlers.ts","statementMap":{"0":{"start":{"line":4,"column":4},"end":{"line":4,"column":68}},"1":{"start":{"line":5,"column":4},"end":{"line":5,"column":112}},"2":{"start":{"line":6,"column":4},"end":{"line":6,"column":59}},"3":{"start":{"line":8,"column":4},"end":{"line":11,"column":5}},"4":{"start":{"line":9,"column":8},"end":{"line":9,"column":84}},"5":{"start":{"line":10,"column":8},"end":{"line":10,"column":40}},"6":{"start":{"line":13,"column":4},"end":{"line":13,"column":11}},"7":{"start":{"line":3,"column":0},"end":{"line":3,"column":16}}},"fnMap":{"0":{"name":"corsHandler","decl":{"start":{"line":3,"column":16},"end":{"line":3,"column":27}},"loc":{"start":{"line":3,"column":75},"end":{"line":14,"column":1}}}},"branchMap":{"0":{"loc":{"start":{"line":8,"column":4},"end":{"line":11,"column":5}},"type":"if","locations":[{"start":{"line":8,"column":4},"end":{"line":11,"column":5}}]}},"s":{"0":1,"1":1,"2":1,"3":1,"4":1,"5":1,"6":0,"7":1},"f":{"0":1},"b":{"0":[1]}}
,"C:\\Users\\haida\\Desktop\\Dawn\\Something I work with\\temp-node\\src\\middleware\\loggingHandler.ts": {"path":"C:\\Users\\haida\\Desktop\\Dawn\\Something I work with\\temp-node\\src\\middleware\\loggingHandler.ts","statementMap":{"0":{"start":{"line":4,"column":4},"end":{"line":4,"column":110}},"1":{"start":{"line":6,"column":4},"end":{"line":8,"column":7}},"2":{"start":{"line":7,"column":8},"end":{"line":7,"column":144}},"3":{"start":{"line":10,"column":4},"end":{"line":10,"column":11}},"4":{"start":{"line":3,"column":0},"end":{"line":3,"column":16}}},"fnMap":{"0":{"name":"loggingHandler","decl":{"start":{"line":3,"column":16},"end":{"line":3,"column":30}},"loc":{"start":{"line":3,"column":78},"end":{"line":11,"column":1}}},"1":{"name":"(anonymous_1)","decl":{"start":{"line":6,"column":21},"end":{"line":6,"column":24}},"loc":{"start":{"line":6,"column":26},"end":{"line":8,"column":5}}}},"branchMap":{},"s":{"0":1,"1":1,"2":1,"3":1,"4":1},"f":{"0":1,"1":1},"b":{}}
,"C:\\Users\\haida\\Desktop\\Dawn\\Something I work with\\temp-node\\src\\middleware\\routeNotFound.ts": {"path":"C:\\Users\\haida\\Desktop\\Dawn\\Something I work with\\temp-node\\src\\middleware\\routeNotFound.ts","statementMap":{"0":{"start":{"line":4,"column":18},"end":{"line":4,"column":61}},"1":{"start":{"line":5,"column":4},"end":{"line":5,"column":60}},"2":{"start":{"line":6,"column":4},"end":{"line":6,"column":59}},"3":{"start":{"line":3,"column":0},"end":{"line":3,"column":16}}},"fnMap":{"0":{"name":"routeNotFound","decl":{"start":{"line":3,"column":16},"end":{"line":3,"column":29}},"loc":{"start":{"line":3,"column":77},"end":{"line":7,"column":1}}}},"branchMap":{},"s":{"0":0,"1":0,"2":0,"3":1},"f":{"0":0},"b":{}}
}
